#:(A{A:0,B:0},A{A:1,B:0},A{A:0,B:1},A{A:1,B:1},B{A:0,B:0},B{A:1,B:0},B{A:2,B:0},B{A:0,B:1},B{A:1,B:1},B{A:2,B:1}):Cost:Robustness:WitnessPath
15:(0,2,1,0,0,0,0,1,0,0):6:0.25:{(1,0;2)>(2,0;2),(0,1;0)>(1,1;1),(0,1;1)>(1,1;2),(1,1;1)>(0,1;1),(1,1;2)>(1,0;2)}
16:(1,2,1,0,0,0,0,1,0,0):6:0.25:{(1,0;2)>(2,0;2),(0,1;0)>(1,1;1),(0,1;1)>(1,1;2),(1,1;1)>(0,1;1),(1,1;2)>(1,0;2)}
17:(2,2,1,0,0,0,0,1,0,0):6:0.25:{(1,0;2)>(2,0;2),(0,1;0)>(1,1;1),(0,1;1)>(1,1;2),(1,1;1)>(0,1;1),(1,1;2)>(1,0;2)}
24:(0,2,2,0,0,0,0,1,0,0):6:0.25:{(1,0;2)>(2,0;2),(0,1;0)>(1,1;1),(0,1;1)>(1,1;2),(1,1;1)>(0,1;1),(1,1;2)>(1,0;2)}
25:(1,2,2,0,0,0,0,1,0,0):6:0.25:{(1,0;2)>(2,0;2),(0,1;0)>(1,1;1),(0,1;1)>(1,1;2),(1,1;1)>(0,1;1),(1,1;2)>(1,0;2)}
26:(2,2,2,0,0,0,0,1,0,0):6:0.25:{(1,0;2)>(2,0;2),(0,1;0)>(1,1;1),(0,1;1)>(1,1;2),(1,1;1)>(0,1;1),(1,1;2)>(1,0;2)}
96:(0,2,1,0,0,0,1,1,0,0):6:0.25:{(1,0;2)>(2,0;2),(0,1;0)>(1,1;1),(0,1;1)>(1,1;2),(1,1;1)>(0,1;1),(1,1;2)>(1,0;2)}
97:(1,2,1,0,0,0,1,1,0,0):6:0.25:{(1,0;2)>(2,0;2),(0,1;0)>(1,1;1),(0,1;1)>(1,1;2),(1,1;1)>(0,1;1),(1,1;2)>(1,0;2)}
98:(2,2,1,0,0,0,1,1,0,0):6:0.25:{(1,0;2)>(2,0;2),(0,1;0)>(1,1;1),(0,1;1)>(1,1;2),(1,1;1)>(0,1;1),(1,1;2)>(1,0;2)}
105:(0,2,2,0,0,0,1,1,0,0):6:0.25:{(1,0;2)>(2,0;2),(0,1;0)>(1,1;1),(0,1;1)>(1,1;2),(1,1;1)>(0,1;1),(1,1;2)>(1,0;2)}
106:(1,2,2,0,0,0,1,1,0,0):6:0.25:{(1,0;2)>(2,0;2),(0,1;0)>(1,1;1),(0,1;1)>(1,1;2),(1,1;1)>(0,1;1),(1,1;2)>(1,0;2)}
107:(2,2,2,0,0,0,1,1,0,0):6:0.25:{(1,0;2)>(2,0;2),(0,1;0)>(1,1;1),(0,1;1)>(1,1;2),(1,1;1)>(0,1;1),(1,1;2)>(1,0;2)}
177:(0,2,1,0,0,0,0,1,1,0):6:0.25:{(1,0;2)>(2,0;2),(0,1;0)>(1,1;1),(0,1;1)>(1,1;2),(1,1;1)>(0,1;1),(1,1;2)>(1,0;2)}
178:(1,2,1,0,0,0,0,1,1,0):6:0.25:{(1,0;2)>(2,0;2),(0,1;0)>(1,1;1),(0,1;1)>(1,1;2),(1,1;1)>(0,1;1),(1,1;2)>(1,0;2)}
179:(2,2,1,0,0,0,0,1,1,0):6:0.25:{(1,0;2)>(2,0;2),(0,1;0)>(1,1;1),(0,1;1)>(1,1;2),(1,1;1)>(0,1;1),(1,1;2)>(1,0;2)}
186:(0,2,2,0,0,0,0,1,1,0):6:0.25:{(1,0;2)>(2,0;2),(0,1;0)>(1,1;1),(0,1;1)>(1,1;2),(1,1;1)>(0,1;1),(1,1;2)>(1,0;2)}
187:(1,2,2,0,0,0,0,1,1,0):6:0.25:{(1,0;2)>(2,0;2),(0,1;0)>(1,1;1),(0,1;1)>(1,1;2),(1,1;1)>(0,1;1),(1,1;2)>(1,0;2)}
188:(2,2,2,0,0,0,0,1,1,0):6:0.25:{(1,0;2)>(2,0;2),(0,1;0)>(1,1;1),(0,1;1)>(1,1;2),(1,1;1)>(0,1;1),(1,1;2)>(1,0;2)}
306:(0,0,1,2,1,0,0,1,1,0):5:1:{(0,0;0)>(0,1;1),(0,1;1)>(1,1;2),(1,1;2)>(2,1;2),(2,1;2)>(2,0;2)}
307:(1,0,1,2,1,0,0,1,1,0):5:0.5:{(0,0;0)>(0,1;1),(0,1;1)>(1,1;2),(1,1;2)>(2,1;2),(2,1;2)>(2,0;2)}
308:(2,0,1,2,1,0,0,1,1,0):5:0.5:{(0,0;0)>(0,1;1),(0,1;1)>(1,1;2),(1,1;2)>(2,1;2),(2,1;2)>(2,0;2)}
309:(0,1,1,2,1,0,0,1,1,0):5:1:{(0,0;0)>(0,1;1),(0,1;1)>(1,1;2),(1,1;2)>(2,1;2),(2,1;2)>(2,0;2)}
310:(1,1,1,2,1,0,0,1,1,0):5:0.5:{(0,0;0)>(0,1;1),(0,1;1)>(1,1;2),(1,1;2)>(2,1;2),(2,1;2)>(2,0;2)}
311:(2,1,1,2,1,0,0,1,1,0):5:0.5:{(0,0;0)>(0,1;1),(0,1;1)>(1,1;2),(1,1;2)>(2,1;2),(2,1;2)>(2,0;2)}
312:(0,2,1,2,1,0,0,1,1,0):5:1:{(0,0;0)>(0,1;1),(0,1;1)>(1,1;2),(1,1;2)>(2,1;2),(2,1;2)>(2,0;2)}
313:(1,2,1,2,1,0,0,1,1,0):5:0.5:{(0,0;0)>(0,1;1),(0,1;1)>(1,1;2),(1,1;2)>(2,1;2),(2,1;2)>(2,0;2)}
314:(2,2,1,2,1,0,0,1,1,0):5:0.5:{(0,0;0)>(0,1;1),(0,1;1)>(1,1;2),(1,1;2)>(2,1;2),(2,1;2)>(2,0;2)}
315:(0,0,2,2,1,0,0,1,1,0):5:1:{(0,0;0)>(0,1;1),(0,1;1)>(1,1;2),(1,1;2)>(2,1;2),(2,1;2)>(2,0;2)}
316:(1,0,2,2,1,0,0,1,1,0):5:0.5:{(0,0;0)>(0,1;1),(0,1;1)>(1,1;2),(1,1;2)>(2,1;2),(2,1;2)>(2,0;2)}
317:(2,0,2,2,1,0,0,1,1,0):5:0.5:{(0,0;0)>(0,1;1),(0,1;1)>(1,1;2),(1,1;2)>(2,1;2),(2,1;2)>(2,0;2)}
318:(0,1,2,2,1,0,0,1,1,0):5:1:{(0,0;0)>(0,1;1),(0,1;1)>(1,1;2),(1,1;2)>(2,1;2),(2,1;2)>(2,0;2)}
319:(1,1,2,2,1,0,0,1,1,0):5:0.5:{(0,0;0)>(0,1;1),(0,1;1)>(1,1;2),(1,1;2)>(2,1;2),(2,1;2)>(2,0;2)}
320:(2,1,2,2,1,0,0,1,1,0):5:0.5:{(0,0;0)>(0,1;1),(0,1;1)>(1,1;2),(1,1;2)>(2,1;2),(2,1;2)>(2,0;2)}
321:(0,2,2,2,1,0,0,1,1,0):5:1:{(0,0;0)>(0,1;1),(0,1;1)>(1,1;2),(1,1;2)>(2,1;2),(2,1;2)>(2,0;2)}
322:(1,2,2,2,1,0,0,1,1,0):5:0.5:{(0,0;0)>(0,1;1),(0,1;1)>(1,1;2),(1,1;2)>(2,1;2),(2,1;2)>(2,0;2)}
323:(2,2,2,2,1,0,0,1,1,0):5:0.5:{(0,0;0)>(0,1;1),(0,1;1)>(1,1;2),(1,1;2)>(2,1;2),(2,1;2)>(2,0;2)}
468:(0,0,1,2,1,0,1,1,1,0):5:1:{(0,0;0)>(0,1;1),(0,1;1)>(1,1;2),(1,1;2)>(2,1;2),(2,1;2)>(2,0;2)}
469:(1,0,1,2,1,0,1,1,1,0):5:0.5:{(0,0;0)>(0,1;1),(0,1;1)>(1,1;2),(1,1;2)>(2,1;2),(2,1;2)>(2,0;2)}
470:(2,0,1,2,1,0,1,1,1,0):5:0.5:{(0,0;0)>(0,1;1),(0,1;1)>(1,1;2),(1,1;2)>(2,1;2),(2,1;2)>(2,0;2)}
471:(0,1,1,2,1,0,1,1,1,0):5:1:{(0,0;0)>(0,1;1),(0,1;1)>(1,1;2),(1,1;2)>(2,1;2),(2,1;2)>(2,0;2)}
472:(1,1,1,2,1,0,1,1,1,0):5:0.5:{(0,0;0)>(0,1;1),(0,1;1)>(1,1;2),(1,1;2)>(2,1;2),(2,1;2)>(2,0;2)}
473:(2,1,1,2,1,0,1,1,1,0):5:0.5:{(0,0;0)>(0,1;1),(0,1;1)>(1,1;2),(1,1;2)>(2,1;2),(2,1;2)>(2,0;2)}
474:(0,2,1,2,1,0,1,1,1,0):5:1:{(0,0;0)>(0,1;1),(0,1;1)>(1,1;2),(1,1;2)>(2,1;2),(2,1;2)>(2,0;2)}
475:(1,2,1,2,1,0,1,1,1,0):5:0.5:{(0,0;0)>(0,1;1),(0,1;1)>(1,1;2),(1,1;2)>(2,1;2),(2,1;2)>(2,0;2)}
476:(2,2,1,2,1,0,1,1,1,0):5:0.5:{(0,0;0)>(0,1;1),(0,1;1)>(1,1;2),(1,1;2)>(2,1;2),(2,1;2)>(2,0;2)}
477:(0,0,2,2,1,0,1,1,1,0):5:1:{(0,0;0)>(0,1;1),(0,1;1)>(1,1;2),(1,1;2)>(2,1;2),(2,1;2)>(2,0;2)}
478:(1,0,2,2,1,0,1,1,1,0):5:0.5:{(0,0;0)>(0,1;1),(0,1;1)>(1,1;2),(1,1;2)>(2,1;2),(2,1;2)>(2,0;2)}
479:(2,0,2,2,1,0,1,1,1,0):5:0.5:{(0,0;0)>(0,1;1),(0,1;1)>(1,1;2),(1,1;2)>(2,1;2),(2,1;2)>(2,0;2)}
480:(0,1,2,2,1,0,1,1,1,0):5:1:{(0,0;0)>(0,1;1),(0,1;1)>(1,1;2),(1,1;2)>(2,1;2),(2,1;2)>(2,0;2)}
481:(1,1,2,2,1,0,1,1,1,0):5:0.5:{(0,0;0)>(0,1;1),(0,1;1)>(1,1;2),(1,1;2)>(2,1;2),(2,1;2)>(2,0;2)}
482:(2,1,2,2,1,0,1,1,1,0):5:0.5:{(0,0;0)>(0,1;1),(0,1;1)>(1,1;2),(1,1;2)>(2,1;2),(2,1;2)>(2,0;2)}
483:(0,2,2,2,1,0,1,1,1,0):5:1:{(0,0;0)>(0,1;1),(0,1;1)>(1,1;2),(1,1;2)>(2,1;2),(2,1;2)>(2,0;2)}
484:(1,2,2,2,1,0,1,1,1,0):5:0.5:{(0,0;0)>(0,1;1),(0,1;1)>(1,1;2),(1,1;2)>(2,1;2),(2,1;2)>(2,0;2)}
485:(2,2,2,2,1,0,1,1,1,0):5:0.5:{(0,0;0)>(0,1;1),(0,1;1)>(1,1;2),(1,1;2)>(2,1;2),(2,1;2)>(2,0;2)}
512:(2,2,2,0,0,0,0,1,0,1):6:0.25:{(1,0;2)>(2,0;2),(0,1;0)>(1,1;1),(0,1;1)>(1,1;2),(1,1;1)>(0,1;1),(1,1;2)>(1,0;2)}
582:(0,2,1,0,1,0,0,1,0,1):5:0.5:{(0,0;0)>(0,1;1),(1,0;2)>(2,0;2),(0,1;1)>(1,1;2),(1,1;2)>(1,0;2)}
583:(1,2,1,0,1,0,0,1,0,1):5:0.25:{(0,0;0)>(0,1;1),(1,0;2)>(2,0;2),(0,1;1)>(1,1;2),(1,1;2)>(1,0;2)}
584:(2,2,1,0,1,0,0,1,0,1):5:0.25:{(0,0;0)>(0,1;1),(1,0;2)>(2,0;2),(0,1;1)>(1,1;2),(1,1;2)>(1,0;2)}
591:(0,2,2,0,1,0,0,1,0,1):5:0.5:{(0,0;0)>(0,1;1),(1,0;2)>(2,0;2),(0,1;1)>(1,1;2),(1,1;2)>(1,0;2)}
592:(1,2,2,0,1,0,0,1,0,1):5:0.25:{(0,0;0)>(0,1;1),(1,0;2)>(2,0;2),(0,1;1)>(1,1;2),(1,1;2)>(1,0;2)}
593:(2,2,2,0,1,0,0,1,0,1):5:0.25:{(0,0;0)>(0,1;1),(1,0;2)>(2,0;2),(0,1;1)>(1,1;2),(1,1;2)>(1,0;2)}
609:(0,2,1,1,1,0,0,1,0,1):5:1:{(0,0;0)>(0,1;1),(1,0;2)>(2,0;2),(0,1;1)>(1,1;2),(1,1;2)>(1,0;2)}
610:(1,2,1,1,1,0,0,1,0,1):5:0.5:{(0,0;0)>(0,1;1),(1,0;2)>(2,0;2),(0,1;1)>(1,1;2),(1,1;2)>(1,0;2)}
611:(2,2,1,1,1,0,0,1,0,1):5:0.5:{(0,0;0)>(0,1;1),(1,0;2)>(2,0;2),(0,1;1)>(1,1;2),(1,1;2)>(1,0;2)}
618:(0,2,2,1,1,0,0,1,0,1):5:1:{(0,0;0)>(0,1;1),(1,0;2)>(2,0;2),(0,1;1)>(1,1;2),(1,1;2)>(1,0;2)}
619:(1,2,2,1,1,0,0,1,0,1):5:0.5:{(0,0;0)>(0,1;1),(1,0;2)>(2,0;2),(0,1;1)>(1,1;2),(1,1;2)>(1,0;2)}
620:(2,2,2,1,1,0,0,1,0,1):5:0.5:{(0,0;0)>(0,1;1),(1,0;2)>(2,0;2),(0,1;1)>(1,1;2),(1,1;2)>(1,0;2)}
636:(0,2,1,2,1,0,0,1,0,1):5:0.5:{(0,0;0)>(0,1;1),(1,0;2)>(2,0;2),(0,1;1)>(1,1;2),(1,1;2)>(1,0;2)}
637:(1,2,1,2,1,0,0,1,0,1):5:0.25:{(0,0;0)>(0,1;1),(1,0;2)>(2,0;2),(0,1;1)>(1,1;2),(1,1;2)>(1,0;2)}
638:(2,2,1,2,1,0,0,1,0,1):5:0.25:{(0,0;0)>(0,1;1),(1,0;2)>(2,0;2),(0,1;1)>(1,1;2),(1,1;2)>(1,0;2)}
645:(0,2,2,2,1,0,0,1,0,1):5:0.5:{(0,0;0)>(0,1;1),(1,0;2)>(2,0;2),(0,1;1)>(1,1;2),(1,1;2)>(1,0;2)}
646:(1,2,2,2,1,0,0,1,0,1):5:0.25:{(0,0;0)>(0,1;1),(1,0;2)>(2,0;2),(0,1;1)>(1,1;2),(1,1;2)>(1,0;2)}
647:(2,2,2,2,1,0,0,1,0,1):5:0.25:{(0,0;0)>(0,1;1),(1,0;2)>(2,0;2),(0,1;1)>(1,1;2),(1,1;2)>(1,0;2)}
663:(0,2,1,0,0,0,1,1,0,1):5:0.5:{(0,0;0)>(0,1;1),(1,0;2)>(2,0;2),(0,1;1)>(1,1;2),(1,1;2)>(1,0;2)}
664:(1,2,1,0,0,0,1,1,0,1):5:0.25:{(0,0;0)>(0,1;1),(1,0;2)>(2,0;2),(0,1;1)>(1,1;2),(1,1;2)>(1,0;2)}
665:(2,2,1,0,0,0,1,1,0,1):5:0.25:{(0,0;0)>(0,1;1),(1,0;2)>(2,0;2),(0,1;1)>(1,1;2),(1,1;2)>(1,0;2)}
672:(0,2,2,0,0,0,1,1,0,1):6:0.25:{(1,0;2)>(2,0;2),(0,1;0)>(1,1;1),(0,1;1)>(1,1;2),(1,1;1)>(0,1;1),(1,1;2)>(1,0;2)}
673:(1,2,2,0,0,0,1,1,0,1):6:0.25:{(1,0;2)>(2,0;2),(0,1;0)>(1,1;1),(0,1;1)>(1,1;2),(1,1;1)>(0,1;1),(1,1;2)>(1,0;2)}
674:(2,2,2,0,0,0,1,1,0,1):6:0.25:{(1,0;2)>(2,0;2),(0,1;0)>(1,1;1),(0,1;1)>(1,1;2),(1,1;1)>(0,1;1),(1,1;2)>(1,0;2)}
