Build started 3.3.2012 14:59:52.
     1>Project "D:\SYBILA\POSEIDON\Work\Poseidon.vcxproj" on node 2 (build target(s)).
     1>InitializeBuildStatus:
         Creating "Release\Poseidon.unsuccessfulbuild" because "AlwaysCreate" was specified.
       ClCompile:
         C:\Program Files (x86)\Microsoft Visual Studio 10.0\VC\bin\CL.exe /c /Zi /nologo /W3 /WX- /O2 /Oi /Oy- /GL /D _MBCS /Gm- /EHsc /MD /GS /Gy /fp:precise /Zc:wchar_t /Zc:forScope /Fo"Release\\" /Fd"Release\vc100.pdb" /Gd /TP /analyze- /errorReport:prompt main.cpp
         main.cpp
     1>d:\sybila\poseidon\work\model_parser.hpp(75): warning C4996: 'strcpy': This function or variable may be unsafe. Consider using strcpy_s instead. To disable deprecation, use _CRT_SECURE_NO_WARNINGS. See online help for details.
                 C:\Program Files (x86)\Microsoft Visual Studio 10.0\VC\include\string.h(105) : see declaration of 'strcpy'
       Link:
         C:\Program Files (x86)\Microsoft Visual Studio 10.0\VC\bin\link.exe /ERRORREPORT:PROMPT /OUT:"D:\SYBILA\POSEIDON\Work\Release\Poseidon.exe" /NOLOGO kernel32.lib user32.lib gdi32.lib winspool.lib comdlg32.lib advapi32.lib shell32.lib ole32.lib oleaut32.lib uuid.lib odbc32.lib odbccp32.lib /MANIFEST /ManifestFile:"Release\Poseidon.exe.intermediate.manifest" /MANIFESTUAC:"level='asInvoker' uiAccess='false'" /DEBUG /PDB:"D:\SYBILA\POSEIDON\Work\Release\Poseidon.pdb" /OPT:REF /OPT:ICF /LTCG /TLBID:1 /DYNAMICBASE /NXCOMPAT /IMPLIB:"D:\SYBILA\POSEIDON\Work\Release\Poseidon.lib" /MACHINE:X86 Release\main.obj
         Generating code
         Finished generating code
         Poseidon.vcxproj -> D:\SYBILA\POSEIDON\Work\Release\Poseidon.exe
       Manifest:
         C:\Program Files (x86)\Microsoft SDKs\Windows\v7.0A\bin\mt.exe /nologo /verbose /outputresource:"D:\SYBILA\POSEIDON\Work\Release\Poseidon.exe;#1" /manifest Release\Poseidon.exe.intermediate.manifest
       FinalizeBuildStatus:
         Deleting file "Release\Poseidon.unsuccessfulbuild".
         Touching "Release\Poseidon.lastbuildstate".
     1>Done Building Project "D:\SYBILA\POSEIDON\Work\Poseidon.vcxproj" (build target(s)).

Build succeeded.

Time Elapsed 00:00:06.20
