\BOOKMARK [0][-]{chapter.1}{\376\377\000W\000e\000l\000c\000o\000m\000e\000\040\000t\000o\000\040\000t\000h\000e\000\040\000P\000a\000r\000s\000y\000b\000o\000n\000e\000\040\000c\000o\000d\000e\000\040\000d\000o\000c\000u\000m\000e\000n\000t\000a\000t\000i\000o\000n\000.}{}
\BOOKMARK [0][-]{chapter.2}{\376\377\000N\000a\000m\000e\000s\000p\000a\000c\000e\000\040\000I\000n\000d\000e\000x}{}
\BOOKMARK [1][-]{section.2.1}{\376\377\000N\000a\000m\000e\000s\000p\000a\000c\000e\000\040\000L\000i\000s\000t}{chapter.2}
\BOOKMARK [0][-]{chapter.3}{\376\377\000C\000l\000a\000s\000s\000\040\000I\000n\000d\000e\000x}{}
\BOOKMARK [1][-]{section.3.1}{\376\377\000C\000l\000a\000s\000s\000\040\000H\000i\000e\000r\000a\000r\000c\000h\000y}{chapter.3}
\BOOKMARK [0][-]{chapter.4}{\376\377\000C\000l\000a\000s\000s\000\040\000I\000n\000d\000e\000x}{}
\BOOKMARK [1][-]{section.4.1}{\376\377\000C\000l\000a\000s\000s\000\040\000L\000i\000s\000t}{chapter.4}
\BOOKMARK [0][-]{chapter.5}{\376\377\000N\000a\000m\000e\000s\000p\000a\000c\000e\000\040\000D\000o\000c\000u\000m\000e\000n\000t\000a\000t\000i\000o\000n}{}
\BOOKMARK [1][-]{section.5.1}{\376\377\000T\000r\000a\000n\000s\000l\000a\000t\000o\000r\000\040\000N\000a\000m\000e\000s\000p\000a\000c\000e\000\040\000R\000e\000f\000e\000r\000e\000n\000c\000e}{chapter.5}
\BOOKMARK [1][-]{section.5.2}{\376\377\000X\000M\000L\000H\000e\000l\000p\000e\000r\000\040\000N\000a\000m\000e\000s\000p\000a\000c\000e\000\040\000R\000e\000f\000e\000r\000e\000n\000c\000e}{chapter.5}
\BOOKMARK [0][-]{chapter.6}{\376\377\000C\000l\000a\000s\000s\000\040\000D\000o\000c\000u\000m\000e\000n\000t\000a\000t\000i\000o\000n}{}
\BOOKMARK [1][-]{section.6.1}{\376\377\000A\000r\000g\000u\000m\000e\000n\000t\000P\000a\000r\000s\000e\000r\000\040\000C\000l\000a\000s\000s\000\040\000R\000e\000f\000e\000r\000e\000n\000c\000e}{chapter.6}
\BOOKMARK [2][-]{subsection.6.1.1}{\376\377\000D\000e\000t\000a\000i\000l\000e\000d\000\040\000D\000e\000s\000c\000r\000i\000p\000t\000i\000o\000n}{section.6.1}
\BOOKMARK [2][-]{subsection.6.1.2}{\376\377\000M\000e\000m\000b\000e\000r\000\040\000F\000u\000n\000c\000t\000i\000o\000n\000\040\000D\000o\000c\000u\000m\000e\000n\000t\000a\000t\000i\000o\000n}{section.6.1}
\BOOKMARK [3][-]{subsubsection.6.1.2.1}{\376\377\000p\000a\000r\000s\000e\000A\000r\000g\000u\000m\000e\000n\000t\000s}{subsection.6.1.2}
\BOOKMARK [1][-]{section.6.2}{\376\377\000A\000u\000t\000o\000m\000a\000t\000o\000n\000B\000u\000i\000l\000d\000e\000r\000\040\000C\000l\000a\000s\000s\000\040\000R\000e\000f\000e\000r\000e\000n\000c\000e}{chapter.6}
\BOOKMARK [2][-]{subsection.6.2.1}{\376\377\000D\000e\000t\000a\000i\000l\000e\000d\000\040\000D\000e\000s\000c\000r\000i\000p\000t\000i\000o\000n}{section.6.2}
\BOOKMARK [2][-]{subsection.6.2.2}{\376\377\000C\000o\000n\000s\000t\000r\000u\000c\000t\000o\000r\000\040\000\046\000\040\000D\000e\000s\000t\000r\000u\000c\000t\000o\000r\000\040\000D\000o\000c\000u\000m\000e\000n\000t\000a\000t\000i\000o\000n}{section.6.2}
\BOOKMARK [3][-]{subsubsection.6.2.2.1}{\376\377\000A\000u\000t\000o\000m\000a\000t\000o\000n\000B\000u\000i\000l\000d\000e\000r}{subsection.6.2.2}
\BOOKMARK [2][-]{subsection.6.2.3}{\376\377\000M\000e\000m\000b\000e\000r\000\040\000F\000u\000n\000c\000t\000i\000o\000n\000\040\000D\000o\000c\000u\000m\000e\000n\000t\000a\000t\000i\000o\000n}{section.6.2}
\BOOKMARK [3][-]{subsubsection.6.2.3.1}{\376\377\000b\000u\000i\000l\000d\000A\000u\000t\000o\000m\000a\000t\000o\000n}{subsection.6.2.3}
\BOOKMARK [1][-]{section.6.3}{\376\377\000A\000u\000t\000o\000m\000a\000t\000o\000n\000I\000n\000t\000e\000r\000f\000a\000c\000e\000<\000\040\000S\000t\000a\000t\000e\000T\000\040\000>\000\040\000C\000l\000a\000s\000s\000\040\000T\000e\000m\000p\000l\000a\000t\000e\000\040\000R\000e\000f\000e\000r\000e\000n\000c\000e}{chapter.6}
\BOOKMARK [2][-]{subsection.6.3.1}{\376\377\000M\000e\000m\000b\000e\000r\000\040\000F\000u\000n\000c\000t\000i\000o\000n\000\040\000D\000o\000c\000u\000m\000e\000n\000t\000a\000t\000i\000o\000n}{section.6.3}
\BOOKMARK [3][-]{subsubsection.6.3.1.1}{\376\377\000g\000e\000t\000F\000i\000n\000a\000l\000S\000t\000a\000t\000e\000s}{subsection.6.3.1}
\BOOKMARK [3][-]{subsubsection.6.3.1.2}{\376\377\000g\000e\000t\000I\000n\000i\000t\000i\000a\000l\000S\000t\000a\000t\000e\000s}{subsection.6.3.1}
\BOOKMARK [3][-]{subsubsection.6.3.1.3}{\376\377\000i\000s\000F\000i\000n\000a\000l}{subsection.6.3.1}
\BOOKMARK [3][-]{subsubsection.6.3.1.4}{\376\377\000i\000s\000I\000n\000i\000t\000i\000a\000l}{subsection.6.3.1}
\BOOKMARK [1][-]{section.6.4}{\376\377\000A\000u\000t\000o\000m\000a\000t\000o\000n\000P\000a\000r\000s\000e\000r\000\040\000C\000l\000a\000s\000s\000\040\000R\000e\000f\000e\000r\000e\000n\000c\000e}{chapter.6}
\BOOKMARK [2][-]{subsection.6.4.1}{\376\377\000M\000e\000m\000b\000e\000r\000\040\000F\000u\000n\000c\000t\000i\000o\000n\000\040\000D\000o\000c\000u\000m\000e\000n\000t\000a\000t\000i\000o\000n}{section.6.4}
\BOOKMARK [3][-]{subsubsection.6.4.1.1}{\376\377\000p\000a\000r\000s\000e}{subsection.6.4.1}
\BOOKMARK [1][-]{section.6.5}{\376\377\000A\000u\000t\000o\000m\000a\000t\000o\000n\000S\000t\000a\000t\000e\000P\000r\000o\000p\000e\000r\000t\000y\000<\000\040\000T\000r\000a\000n\000s\000i\000t\000i\000o\000n\000\040\000>\000\040\000S\000t\000r\000u\000c\000t\000\040\000T\000e\000m\000p\000l\000a\000t\000e\000\040\000R\000e\000f\000e\000r\000e\000n\000c\000e}{chapter.6}
\BOOKMARK [2][-]{subsection.6.5.1}{\376\377\000C\000o\000n\000s\000t\000r\000u\000c\000t\000o\000r\000\040\000\046\000\040\000D\000e\000s\000t\000r\000u\000c\000t\000o\000r\000\040\000D\000o\000c\000u\000m\000e\000n\000t\000a\000t\000i\000o\000n}{section.6.5}
\BOOKMARK [3][-]{subsubsection.6.5.1.1}{\376\377\000A\000u\000t\000o\000m\000a\000t\000o\000n\000S\000t\000a\000t\000e\000P\000r\000o\000p\000e\000r\000t\000y}{subsection.6.5.1}
\BOOKMARK [1][-]{section.6.6}{\376\377\000A\000u\000t\000o\000m\000a\000t\000o\000n\000S\000t\000r\000u\000c\000t\000u\000r\000e\000\040\000C\000l\000a\000s\000s\000\040\000R\000e\000f\000e\000r\000e\000n\000c\000e}{chapter.6}
\BOOKMARK [2][-]{subsection.6.6.1}{\376\377\000D\000e\000t\000a\000i\000l\000e\000d\000\040\000D\000e\000s\000c\000r\000i\000p\000t\000i\000o\000n}{section.6.6}
\BOOKMARK [2][-]{subsection.6.6.2}{\376\377\000M\000e\000m\000b\000e\000r\000\040\000F\000u\000n\000c\000t\000i\000o\000n\000\040\000D\000o\000c\000u\000m\000e\000n\000t\000a\000t\000i\000o\000n}{section.6.6}
\BOOKMARK [3][-]{subsubsection.6.6.2.1}{\376\377\000i\000s\000T\000r\000a\000n\000s\000i\000t\000i\000o\000n\000F\000e\000a\000s\000i\000b\000l\000e}{subsection.6.6.2}
\BOOKMARK [1][-]{section.6.7}{\376\377\000A\000u\000t\000S\000t\000a\000t\000e\000\040\000S\000t\000r\000u\000c\000t\000\040\000R\000e\000f\000e\000r\000e\000n\000c\000e}{chapter.6}
\BOOKMARK [1][-]{section.6.8}{\376\377\000A\000u\000t\000T\000r\000a\000n\000s\000i\000t\000i\000o\000n\000i\000o\000n\000\040\000S\000t\000r\000u\000c\000t\000\040\000R\000e\000f\000e\000r\000e\000n\000c\000e}{chapter.6}
\BOOKMARK [1][-]{section.6.9}{\376\377\000B\000a\000s\000i\000c\000S\000t\000r\000u\000c\000t\000u\000r\000e\000\040\000C\000l\000a\000s\000s\000\040\000R\000e\000f\000e\000r\000e\000n\000c\000e}{chapter.6}
\BOOKMARK [2][-]{subsection.6.9.1}{\376\377\000D\000e\000t\000a\000i\000l\000e\000d\000\040\000D\000e\000s\000c\000r\000i\000p\000t\000i\000o\000n}{section.6.9}
\BOOKMARK [2][-]{subsection.6.9.2}{\376\377\000M\000e\000m\000b\000e\000r\000\040\000F\000u\000n\000c\000t\000i\000o\000n\000\040\000D\000o\000c\000u\000m\000e\000n\000t\000a\000t\000i\000o\000n}{section.6.9}
\BOOKMARK [3][-]{subsubsection.6.9.2.1}{\376\377\000g\000e\000t\000D\000i\000r\000e\000c\000t\000i\000o\000n}{subsection.6.9.2}
\BOOKMARK [3][-]{subsubsection.6.9.2.2}{\376\377\000g\000e\000t\000S\000p\000e\000c\000i\000e\000I\000D}{subsection.6.9.2}
\BOOKMARK [3][-]{subsubsection.6.9.2.3}{\376\377\000g\000e\000t\000S\000t\000a\000t\000e\000L\000e\000v\000e\000l\000s}{subsection.6.9.2}
\BOOKMARK [1][-]{section.6.10}{\376\377\000B\000a\000s\000i\000c\000S\000t\000r\000u\000c\000t\000u\000r\000e\000B\000u\000i\000l\000d\000e\000r\000\040\000C\000l\000a\000s\000s\000\040\000R\000e\000f\000e\000r\000e\000n\000c\000e}{chapter.6}
\BOOKMARK [2][-]{subsection.6.10.1}{\376\377\000D\000e\000t\000a\000i\000l\000e\000d\000\040\000D\000e\000s\000c\000r\000i\000p\000t\000i\000o\000n}{section.6.10}
\BOOKMARK [2][-]{subsection.6.10.2}{\376\377\000C\000o\000n\000s\000t\000r\000u\000c\000t\000o\000r\000\040\000\046\000\040\000D\000e\000s\000t\000r\000u\000c\000t\000o\000r\000\040\000D\000o\000c\000u\000m\000e\000n\000t\000a\000t\000i\000o\000n}{section.6.10}
\BOOKMARK [3][-]{subsubsection.6.10.2.1}{\376\377\000B\000a\000s\000i\000c\000S\000t\000r\000u\000c\000t\000u\000r\000e\000B\000u\000i\000l\000d\000e\000r}{subsection.6.10.2}
\BOOKMARK [2][-]{subsection.6.10.3}{\376\377\000M\000e\000m\000b\000e\000r\000\040\000F\000u\000n\000c\000t\000i\000o\000n\000\040\000D\000o\000c\000u\000m\000e\000n\000t\000a\000t\000i\000o\000n}{section.6.10}
\BOOKMARK [3][-]{subsubsection.6.10.3.1}{\376\377\000b\000u\000i\000l\000d\000S\000t\000r\000u\000c\000t\000u\000r\000e}{subsection.6.10.3}
\BOOKMARK [1][-]{section.6.11}{\376\377\000B\000a\000s\000S\000t\000a\000t\000e\000\040\000S\000t\000r\000u\000c\000t\000\040\000R\000e\000f\000e\000r\000e\000n\000c\000e}{chapter.6}
\BOOKMARK [1][-]{section.6.12}{\376\377\000B\000a\000s\000T\000r\000a\000n\000s\000i\000t\000i\000o\000n\000\040\000S\000t\000r\000u\000c\000t\000\040\000R\000e\000f\000e\000r\000e\000n\000c\000e}{chapter.6}
\BOOKMARK [1][-]{section.6.13}{\376\377\000C\000o\000l\000o\000r\000i\000n\000g\000A\000n\000a\000l\000y\000z\000e\000r\000\040\000C\000l\000a\000s\000s\000\040\000R\000e\000f\000e\000r\000e\000n\000c\000e}{chapter.6}
\BOOKMARK [2][-]{subsection.6.13.1}{\376\377\000M\000e\000m\000b\000e\000r\000\040\000F\000u\000n\000c\000t\000i\000o\000n\000\040\000D\000o\000c\000u\000m\000e\000n\000t\000a\000t\000i\000o\000n}{section.6.13}
\BOOKMARK [3][-]{subsubsection.6.13.1.1}{\376\377\000g\000e\000t\000M\000a\000s\000k}{subsection.6.13.1}
\BOOKMARK [3][-]{subsubsection.6.13.1.2}{\376\377\000g\000e\000t\000M\000a\000s\000k}{subsection.6.13.1}
\BOOKMARK [3][-]{subsubsection.6.13.1.3}{\376\377\000g\000e\000t\000N\000u\000m\000b\000e\000r\000s}{subsection.6.13.1}
\BOOKMARK [3][-]{subsubsection.6.13.1.4}{\376\377\000g\000e\000t\000N\000u\000m\000b\000e\000r\000s}{subsection.6.13.1}
\BOOKMARK [3][-]{subsubsection.6.13.1.5}{\376\377\000g\000e\000t\000O\000u\000t\000p\000u\000t}{subsection.6.13.1}
\BOOKMARK [3][-]{subsubsection.6.13.1.6}{\376\377\000g\000e\000t\000S\000t\000r\000i\000n\000g\000s}{subsection.6.13.1}
\BOOKMARK [3][-]{subsubsection.6.13.1.7}{\376\377\000g\000e\000t\000S\000t\000r\000i\000n\000g\000s}{subsection.6.13.1}
\BOOKMARK [1][-]{section.6.14}{\376\377\000C\000o\000l\000o\000r\000i\000n\000g\000P\000a\000r\000s\000e\000r\000\040\000C\000l\000a\000s\000s\000\040\000R\000e\000f\000e\000r\000e\000n\000c\000e}{chapter.6}
\BOOKMARK [2][-]{subsection.6.14.1}{\376\377\000D\000e\000t\000a\000i\000l\000e\000d\000\040\000D\000e\000s\000c\000r\000i\000p\000t\000i\000o\000n}{section.6.14}
\BOOKMARK [2][-]{subsection.6.14.2}{\376\377\000M\000e\000m\000b\000e\000r\000\040\000F\000u\000n\000c\000t\000i\000o\000n\000\040\000D\000o\000c\000u\000m\000e\000n\000t\000a\000t\000i\000o\000n}{section.6.14}
\BOOKMARK [3][-]{subsubsection.6.14.2.1}{\376\377\000c\000r\000e\000a\000t\000e\000O\000u\000t\000p\000u\000t}{subsection.6.14.2}
\BOOKMARK [3][-]{subsubsection.6.14.2.2}{\376\377\000g\000e\000t\000C\000o\000l\000o\000r\000s}{subsection.6.14.2}
\BOOKMARK [3][-]{subsubsection.6.14.2.3}{\376\377\000g\000e\000t\000C\000o\000l\000o\000r\000s\000C\000o\000u\000n\000t}{subsection.6.14.2}
\BOOKMARK [3][-]{subsubsection.6.14.2.4}{\376\377\000o\000p\000e\000n\000F\000i\000l\000e}{subsection.6.14.2}
\BOOKMARK [3][-]{subsubsection.6.14.2.5}{\376\377\000o\000u\000t\000p\000u\000t\000C\000o\000m\000p\000u\000t\000e\000d}{subsection.6.14.2}
\BOOKMARK [3][-]{subsubsection.6.14.2.6}{\376\377\000p\000a\000r\000s\000e\000M\000a\000s\000k}{subsection.6.14.2}
\BOOKMARK [1][-]{section.6.15}{\376\377\000C\000o\000l\000o\000r\000S\000t\000o\000r\000a\000g\000e\000\040\000C\000l\000a\000s\000s\000\040\000R\000e\000f\000e\000r\000e\000n\000c\000e}{chapter.6}
\BOOKMARK [2][-]{subsection.6.15.1}{\376\377\000C\000o\000n\000s\000t\000r\000u\000c\000t\000o\000r\000\040\000\046\000\040\000D\000e\000s\000t\000r\000u\000c\000t\000o\000r\000\040\000D\000o\000c\000u\000m\000e\000n\000t\000a\000t\000i\000o\000n}{section.6.15}
\BOOKMARK [3][-]{subsubsection.6.15.1.1}{\376\377\000C\000o\000l\000o\000r\000S\000t\000o\000r\000a\000g\000e}{subsection.6.15.1}
\BOOKMARK [2][-]{subsection.6.15.2}{\376\377\000M\000e\000m\000b\000e\000r\000\040\000F\000u\000n\000c\000t\000i\000o\000n\000\040\000D\000o\000c\000u\000m\000e\000n\000t\000a\000t\000i\000o\000n}{section.6.15}
\BOOKMARK [3][-]{subsubsection.6.15.2.1}{\376\377\000a\000d\000d\000F\000r\000o\000m}{subsection.6.15.2}
\BOOKMARK [3][-]{subsubsection.6.15.2.2}{\376\377\000g\000e\000t\000A\000c\000c\000e\000p\000t\000a\000b\000l\000e}{subsection.6.15.2}
\BOOKMARK [3][-]{subsubsection.6.15.2.3}{\376\377\000g\000e\000t\000C\000o\000l\000o\000r}{subsection.6.15.2}
\BOOKMARK [3][-]{subsubsection.6.15.2.4}{\376\377\000g\000e\000t\000C\000o\000l\000o\000r}{subsection.6.15.2}
\BOOKMARK [3][-]{subsubsection.6.15.2.5}{\376\377\000g\000e\000t\000C\000o\000s\000t}{subsection.6.15.2}
\BOOKMARK [3][-]{subsubsection.6.15.2.6}{\376\377\000g\000e\000t\000C\000o\000s\000t}{subsection.6.15.2}
\BOOKMARK [3][-]{subsubsection.6.15.2.7}{\376\377\000g\000e\000t\000M\000a\000r\000k\000i\000n\000g}{subsection.6.15.2}
\BOOKMARK [3][-]{subsubsection.6.15.2.8}{\376\377\000g\000e\000t\000M\000a\000x\000D\000e\000p\000t\000h}{subsection.6.15.2}
\BOOKMARK [3][-]{subsubsection.6.15.2.9}{\376\377\000g\000e\000t\000N\000e\000i\000g\000h\000b\000o\000u\000r\000s}{subsection.6.15.2}
\BOOKMARK [3][-]{subsubsection.6.15.2.10}{\376\377\000r\000e\000m\000o\000v\000e}{subsection.6.15.2}
\BOOKMARK [3][-]{subsubsection.6.15.2.11}{\376\377\000r\000e\000m\000o\000v\000e}{subsection.6.15.2}
\BOOKMARK [3][-]{subsubsection.6.15.2.12}{\376\377\000r\000e\000m\000o\000v\000e}{subsection.6.15.2}
\BOOKMARK [3][-]{subsubsection.6.15.2.13}{\376\377\000r\000e\000s\000e\000t}{subsection.6.15.2}
\BOOKMARK [3][-]{subsubsection.6.15.2.14}{\376\377\000s\000e\000t\000R\000e\000s\000u\000l\000t\000s}{subsection.6.15.2}
\BOOKMARK [3][-]{subsubsection.6.15.2.15}{\376\377\000s\000e\000t\000R\000e\000s\000u\000l\000t\000s}{subsection.6.15.2}
\BOOKMARK [3][-]{subsubsection.6.15.2.16}{\376\377\000s\000o\000f\000t\000\137\000u\000p\000d\000a\000t\000e}{subsection.6.15.2}
\BOOKMARK [3][-]{subsubsection.6.15.2.17}{\376\377\000u\000p\000d\000a\000t\000e}{subsection.6.15.2}
\BOOKMARK [3][-]{subsubsection.6.15.2.18}{\376\377\000u\000p\000d\000a\000t\000e}{subsection.6.15.2}
\BOOKMARK [1][-]{section.6.16}{\376\377\000C\000o\000n\000s\000t\000r\000u\000c\000t\000i\000o\000n\000H\000o\000l\000d\000e\000r\000\040\000C\000l\000a\000s\000s\000\040\000R\000e\000f\000e\000r\000e\000n\000c\000e}{chapter.6}
\BOOKMARK [2][-]{subsection.6.16.1}{\376\377\000D\000e\000t\000a\000i\000l\000e\000d\000\040\000D\000e\000s\000c\000r\000i\000p\000t\000i\000o\000n}{section.6.16}
\BOOKMARK [1][-]{section.6.17}{\376\377\000C\000o\000n\000s\000t\000r\000u\000c\000t\000i\000o\000n\000M\000a\000n\000a\000g\000e\000r\000\040\000C\000l\000a\000s\000s\000\040\000R\000e\000f\000e\000r\000e\000n\000c\000e}{chapter.6}
\BOOKMARK [2][-]{subsection.6.17.1}{\376\377\000D\000e\000t\000a\000i\000l\000e\000d\000\040\000D\000e\000s\000c\000r\000i\000p\000t\000i\000o\000n}{section.6.17}
\BOOKMARK [2][-]{subsection.6.17.2}{\376\377\000C\000o\000n\000s\000t\000r\000u\000c\000t\000o\000r\000\040\000\046\000\040\000D\000e\000s\000t\000r\000u\000c\000t\000o\000r\000\040\000D\000o\000c\000u\000m\000e\000n\000t\000a\000t\000i\000o\000n}{section.6.17}
\BOOKMARK [3][-]{subsubsection.6.17.2.1}{\376\377\000C\000o\000n\000s\000t\000r\000u\000c\000t\000i\000o\000n\000M\000a\000n\000a\000g\000e\000r}{subsection.6.17.2}
\BOOKMARK [2][-]{subsection.6.17.3}{\376\377\000M\000e\000m\000b\000e\000r\000\040\000F\000u\000n\000c\000t\000i\000o\000n\000\040\000D\000o\000c\000u\000m\000e\000n\000t\000a\000t\000i\000o\000n}{section.6.17}
\BOOKMARK [3][-]{subsubsection.6.17.3.1}{\376\377\000c\000o\000n\000s\000t\000r\000u\000c\000t}{subsection.6.17.3}
\BOOKMARK [1][-]{section.6.18}{\376\377\000F\000o\000r\000m\000u\000l\000a\000e\000P\000a\000r\000s\000e\000r\000\040\000C\000l\000a\000s\000s\000\040\000R\000e\000f\000e\000r\000e\000n\000c\000e}{chapter.6}
\BOOKMARK [2][-]{subsection.6.18.1}{\376\377\000D\000e\000t\000a\000i\000l\000e\000d\000\040\000D\000e\000s\000c\000r\000i\000p\000t\000i\000o\000n}{section.6.18}
\BOOKMARK [2][-]{subsection.6.18.2}{\376\377\000M\000e\000m\000b\000e\000r\000\040\000F\000u\000n\000c\000t\000i\000o\000n\000\040\000D\000o\000c\000u\000m\000e\000n\000t\000a\000t\000i\000o\000n}{section.6.18}
\BOOKMARK [3][-]{subsubsection.6.18.2.1}{\376\377\000r\000e\000s\000o\000l\000v\000e}{subsection.6.18.2}
\BOOKMARK [1][-]{section.6.19}{\376\377\000G\000r\000a\000p\000h\000I\000n\000t\000e\000r\000f\000a\000c\000e\000<\000\040\000S\000t\000a\000t\000e\000T\000\040\000>\000\040\000C\000l\000a\000s\000s\000\040\000T\000e\000m\000p\000l\000a\000t\000e\000\040\000R\000e\000f\000e\000r\000e\000n\000c\000e}{chapter.6}
\BOOKMARK [2][-]{subsection.6.19.1}{\376\377\000M\000e\000m\000b\000e\000r\000\040\000F\000u\000n\000c\000t\000i\000o\000n\000\040\000D\000o\000c\000u\000m\000e\000n\000t\000a\000t\000i\000o\000n}{section.6.19}
\BOOKMARK [3][-]{subsubsection.6.19.1.1}{\376\377\000g\000e\000t\000S\000t\000a\000t\000e\000C\000o\000u\000n\000t}{subsection.6.19.1}
\BOOKMARK [3][-]{subsubsection.6.19.1.2}{\376\377\000g\000e\000t\000S\000t\000r\000i\000n\000g}{subsection.6.19.1}
\BOOKMARK [3][-]{subsubsection.6.19.1.3}{\376\377\000g\000e\000t\000T\000a\000r\000g\000e\000t\000I\000D}{subsection.6.19.1}
\BOOKMARK [3][-]{subsubsection.6.19.1.4}{\376\377\000g\000e\000t\000T\000r\000a\000n\000s\000i\000t\000i\000o\000n\000C\000o\000u\000n\000t}{subsection.6.19.1}
\BOOKMARK [1][-]{section.6.20}{\376\377\000L\000a\000b\000e\000l\000i\000n\000g\000B\000u\000i\000l\000d\000e\000r\000\040\000C\000l\000a\000s\000s\000\040\000R\000e\000f\000e\000r\000e\000n\000c\000e}{chapter.6}
\BOOKMARK [2][-]{subsection.6.20.1}{\376\377\000C\000o\000n\000s\000t\000r\000u\000c\000t\000o\000r\000\040\000\046\000\040\000D\000e\000s\000t\000r\000u\000c\000t\000o\000r\000\040\000D\000o\000c\000u\000m\000e\000n\000t\000a\000t\000i\000o\000n}{section.6.20}
\BOOKMARK [3][-]{subsubsection.6.20.1.1}{\376\377\000L\000a\000b\000e\000l\000i\000n\000g\000B\000u\000i\000l\000d\000e\000r}{subsection.6.20.1}
\BOOKMARK [2][-]{subsection.6.20.2}{\376\377\000M\000e\000m\000b\000e\000r\000\040\000F\000u\000n\000c\000t\000i\000o\000n\000\040\000D\000o\000c\000u\000m\000e\000n\000t\000a\000t\000i\000o\000n}{section.6.20}
\BOOKMARK [3][-]{subsubsection.6.20.2.1}{\376\377\000b\000u\000i\000l\000d\000L\000a\000b\000e\000l\000i\000n\000g}{subsection.6.20.2}
\BOOKMARK [1][-]{section.6.21}{\376\377\000L\000a\000b\000e\000l\000i\000n\000g\000H\000o\000l\000d\000e\000r\000\040\000C\000l\000a\000s\000s\000\040\000R\000e\000f\000e\000r\000e\000n\000c\000e}{chapter.6}
\BOOKMARK [2][-]{subsection.6.21.1}{\376\377\000D\000e\000t\000a\000i\000l\000e\000d\000\040\000D\000e\000s\000c\000r\000i\000p\000t\000i\000o\000n}{section.6.21}
\BOOKMARK [2][-]{subsection.6.21.2}{\376\377\000M\000e\000m\000b\000e\000r\000\040\000F\000u\000n\000c\000t\000i\000o\000n\000\040\000D\000o\000c\000u\000m\000e\000n\000t\000a\000t\000i\000o\000n}{section.6.21}
\BOOKMARK [3][-]{subsubsection.6.21.2.1}{\376\377\000g\000e\000t\000P\000a\000r\000a\000m\000e\000t\000e\000r\000s\000C\000o\000u\000n\000t}{subsection.6.21.2}
\BOOKMARK [3][-]{subsubsection.6.21.2.2}{\376\377\000g\000e\000t\000P\000o\000s\000s\000i\000b\000l\000e\000V\000a\000l\000u\000e\000s}{subsection.6.21.2}
\BOOKMARK [3][-]{subsubsection.6.21.2.3}{\376\377\000g\000e\000t\000R\000e\000g\000u\000l\000a\000t\000i\000o\000n\000s\000C\000o\000u\000n\000t}{subsection.6.21.2}
\BOOKMARK [3][-]{subsubsection.6.21.2.4}{\376\377\000g\000e\000t\000S\000o\000u\000r\000c\000e\000S\000p\000e\000c\000i\000e\000s}{subsection.6.21.2}
\BOOKMARK [3][-]{subsubsection.6.21.2.5}{\376\377\000g\000e\000t\000S\000o\000u\000r\000c\000e\000V\000a\000l\000u\000e\000s}{subsection.6.21.2}
\BOOKMARK [3][-]{subsubsection.6.21.2.6}{\376\377\000g\000e\000t\000S\000p\000e\000c\000i\000e\000N\000a\000m\000e}{subsection.6.21.2}
\BOOKMARK [3][-]{subsubsection.6.21.2.7}{\376\377\000g\000e\000t\000S\000p\000e\000c\000i\000e\000s\000C\000o\000u\000n\000t}{subsection.6.21.2}
\BOOKMARK [3][-]{subsubsection.6.21.2.8}{\376\377\000g\000e\000t\000S\000p\000e\000c\000i\000e\000V\000a\000l\000u\000e\000s}{subsection.6.21.2}
\BOOKMARK [3][-]{subsubsection.6.21.2.9}{\376\377\000g\000e\000t\000S\000t\000e\000p\000S\000i\000z\000e}{subsection.6.21.2}
\BOOKMARK [1][-]{section.6.22}{\376\377\000M\000o\000d\000e\000l\000\040\000C\000l\000a\000s\000s\000\040\000R\000e\000f\000e\000r\000e\000n\000c\000e}{chapter.6}
\BOOKMARK [2][-]{subsection.6.22.1}{\376\377\000D\000e\000t\000a\000i\000l\000e\000d\000\040\000D\000e\000s\000c\000r\000i\000p\000t\000i\000o\000n}{section.6.22}
\BOOKMARK [2][-]{subsection.6.22.2}{\376\377\000M\000e\000m\000b\000e\000r\000\040\000F\000u\000n\000c\000t\000i\000o\000n\000\040\000D\000o\000c\000u\000m\000e\000n\000t\000a\000t\000i\000o\000n}{section.6.22}
\BOOKMARK [3][-]{subsubsection.6.22.2.1}{\376\377\000f\000i\000n\000d\000I\000D}{subsection.6.22.2}
\BOOKMARK [3][-]{subsubsection.6.22.2.2}{\376\377\000f\000i\000n\000d\000N\000u\000m\000b\000e\000r}{subsection.6.22.2}
\BOOKMARK [3][-]{subsubsection.6.22.2.3}{\376\377\000g\000e\000t\000B\000a\000s\000a\000l}{subsection.6.22.2}
\BOOKMARK [3][-]{subsubsection.6.22.2.4}{\376\377\000g\000e\000t\000E\000d\000g\000e\000s}{subsection.6.22.2}
\BOOKMARK [3][-]{subsubsection.6.22.2.5}{\376\377\000g\000e\000t\000M\000a\000x}{subsection.6.22.2}
\BOOKMARK [3][-]{subsubsection.6.22.2.6}{\376\377\000g\000e\000t\000M\000i\000n}{subsection.6.22.2}
\BOOKMARK [3][-]{subsubsection.6.22.2.7}{\376\377\000g\000e\000t\000N\000a\000m\000e}{subsection.6.22.2}
\BOOKMARK [3][-]{subsubsection.6.22.2.8}{\376\377\000g\000e\000t\000P\000a\000r\000a\000m\000e\000t\000e\000r\000s}{subsection.6.22.2}
\BOOKMARK [3][-]{subsubsection.6.22.2.9}{\376\377\000g\000e\000t\000R\000e\000g\000u\000l\000a\000t\000i\000o\000n\000s}{subsection.6.22.2}
\BOOKMARK [3][-]{subsubsection.6.22.2.10}{\376\377\000g\000e\000t\000S\000p\000e\000c\000i\000e\000s\000C\000o\000u\000n\000t}{subsection.6.22.2}
\BOOKMARK [3][-]{subsubsection.6.22.2.11}{\376\377\000g\000e\000t\000S\000t\000a\000t\000e\000s\000C\000o\000u\000n\000t}{subsection.6.22.2}
\BOOKMARK [3][-]{subsubsection.6.22.2.12}{\376\377\000i\000s\000F\000i\000n\000a\000l}{subsection.6.22.2}
\BOOKMARK [1][-]{section.6.23}{\376\377\000M\000o\000d\000e\000l\000C\000h\000e\000c\000k\000e\000r\000\040\000C\000l\000a\000s\000s\000\040\000R\000e\000f\000e\000r\000e\000n\000c\000e}{chapter.6}
\BOOKMARK [2][-]{subsection.6.23.1}{\376\377\000D\000e\000t\000a\000i\000l\000e\000d\000\040\000D\000e\000s\000c\000r\000i\000p\000t\000i\000o\000n}{section.6.23}
\BOOKMARK [2][-]{subsection.6.23.2}{\376\377\000C\000o\000n\000s\000t\000r\000u\000c\000t\000o\000r\000\040\000\046\000\040\000D\000e\000s\000t\000r\000u\000c\000t\000o\000r\000\040\000D\000o\000c\000u\000m\000e\000n\000t\000a\000t\000i\000o\000n}{section.6.23}
\BOOKMARK [3][-]{subsubsection.6.23.2.1}{\376\377\000M\000o\000d\000e\000l\000C\000h\000e\000c\000k\000e\000r}{subsection.6.23.2}
\BOOKMARK [2][-]{subsection.6.23.3}{\376\377\000M\000e\000m\000b\000e\000r\000\040\000F\000u\000n\000c\000t\000i\000o\000n\000\040\000D\000o\000c\000u\000m\000e\000n\000t\000a\000t\000i\000o\000n}{section.6.23}
\BOOKMARK [3][-]{subsubsection.6.23.3.1}{\376\377\000s\000t\000a\000r\000t\000C\000o\000l\000o\000r\000i\000n\000g}{subsection.6.23.3}
\BOOKMARK [3][-]{subsubsection.6.23.3.2}{\376\377\000s\000t\000a\000r\000t\000C\000o\000l\000o\000r\000i\000n\000g}{subsection.6.23.3}
\BOOKMARK [1][-]{section.6.24}{\376\377\000M\000o\000d\000e\000l\000P\000a\000r\000s\000e\000r\000\040\000C\000l\000a\000s\000s\000\040\000R\000e\000f\000e\000r\000e\000n\000c\000e}{chapter.6}
\BOOKMARK [2][-]{subsection.6.24.1}{\376\377\000D\000e\000t\000a\000i\000l\000e\000d\000\040\000D\000e\000s\000c\000r\000i\000p\000t\000i\000o\000n}{section.6.24}
\BOOKMARK [2][-]{subsection.6.24.2}{\376\377\000M\000e\000m\000b\000e\000r\000\040\000F\000u\000n\000c\000t\000i\000o\000n\000\040\000D\000o\000c\000u\000m\000e\000n\000t\000a\000t\000i\000o\000n}{section.6.24}
\BOOKMARK [3][-]{subsubsection.6.24.2.1}{\376\377\000p\000a\000r\000s\000e\000I\000n\000p\000u\000t}{subsection.6.24.2}
\BOOKMARK [1][-]{section.6.25}{\376\377\000N\000e\000t\000w\000o\000r\000k\000P\000a\000r\000s\000e\000r\000\040\000C\000l\000a\000s\000s\000\040\000R\000e\000f\000e\000r\000e\000n\000c\000e}{chapter.6}
\BOOKMARK [2][-]{subsection.6.25.1}{\376\377\000D\000e\000t\000a\000i\000l\000e\000d\000\040\000D\000e\000s\000c\000r\000i\000p\000t\000i\000o\000n}{section.6.25}
\BOOKMARK [2][-]{subsection.6.25.2}{\376\377\000M\000e\000m\000b\000e\000r\000\040\000F\000u\000n\000c\000t\000i\000o\000n\000\040\000D\000o\000c\000u\000m\000e\000n\000t\000a\000t\000i\000o\000n}{section.6.25}
\BOOKMARK [3][-]{subsubsection.6.25.2.1}{\376\377\000p\000a\000r\000s\000e}{subsection.6.25.2}
\BOOKMARK [1][-]{section.6.26}{\376\377\000O\000u\000t\000p\000u\000t\000M\000a\000n\000a\000g\000e\000r\000\040\000C\000l\000a\000s\000s\000\040\000R\000e\000f\000e\000r\000e\000n\000c\000e}{chapter.6}
\BOOKMARK [2][-]{subsection.6.26.1}{\376\377\000C\000o\000n\000s\000t\000r\000u\000c\000t\000o\000r\000\040\000\046\000\040\000D\000e\000s\000t\000r\000u\000c\000t\000o\000r\000\040\000D\000o\000c\000u\000m\000e\000n\000t\000a\000t\000i\000o\000n}{section.6.26}
\BOOKMARK [3][-]{subsubsection.6.26.1.1}{\376\377\000O\000u\000t\000p\000u\000t\000M\000a\000n\000a\000g\000e\000r}{subsection.6.26.1}
\BOOKMARK [2][-]{subsection.6.26.2}{\376\377\000M\000e\000m\000b\000e\000r\000\040\000F\000u\000n\000c\000t\000i\000o\000n\000\040\000D\000o\000c\000u\000m\000e\000n\000t\000a\000t\000i\000o\000n}{section.6.26}
\BOOKMARK [3][-]{subsubsection.6.26.2.1}{\376\377\000g\000e\000t\000C\000o\000s\000t\000s}{subsection.6.26.2}
\BOOKMARK [3][-]{subsubsection.6.26.2.2}{\376\377\000o\000u\000t\000p\000u\000t\000R\000o\000u\000n\000d}{subsection.6.26.2}
\BOOKMARK [3][-]{subsubsection.6.26.2.3}{\376\377\000o\000u\000t\000p\000u\000t\000R\000o\000u\000n\000d\000N\000u\000m}{subsection.6.26.2}
\BOOKMARK [3][-]{subsubsection.6.26.2.4}{\376\377\000o\000u\000t\000p\000u\000t\000S\000u\000m\000m\000a\000r\000y}{subsection.6.26.2}
\BOOKMARK [1][-]{section.6.27}{\376\377\000O\000u\000t\000p\000u\000t\000S\000t\000r\000e\000a\000m\000e\000r\000\040\000C\000l\000a\000s\000s\000\040\000R\000e\000f\000e\000r\000e\000n\000c\000e}{chapter.6}
\BOOKMARK [2][-]{subsection.6.27.1}{\376\377\000C\000o\000n\000s\000t\000r\000u\000c\000t\000o\000r\000\040\000\046\000\040\000D\000e\000s\000t\000r\000u\000c\000t\000o\000r\000\040\000D\000o\000c\000u\000m\000e\000n\000t\000a\000t\000i\000o\000n}{section.6.27}
\BOOKMARK [3][-]{subsubsection.6.27.1.1}{\376\377\000O\000u\000t\000p\000u\000t\000S\000t\000r\000e\000a\000m\000e\000r}{subsection.6.27.1}
\BOOKMARK [3][-]{subsubsection.6.27.1.2}{\376\377\000O\000u\000t\000p\000u\000t\000S\000t\000r\000e\000a\000m\000e\000r}{subsection.6.27.1}
\BOOKMARK [2][-]{subsection.6.27.2}{\376\377\000M\000e\000m\000b\000e\000r\000\040\000F\000u\000n\000c\000t\000i\000o\000n\000\040\000D\000o\000c\000u\000m\000e\000n\000t\000a\000t\000i\000o\000n}{section.6.27}
\BOOKMARK [3][-]{subsubsection.6.27.2.1}{\376\377\000c\000r\000e\000a\000t\000e\000S\000t\000r\000e\000a\000m\000F\000i\000l\000e}{subsection.6.27.2}
\BOOKMARK [3][-]{subsubsection.6.27.2.2}{\376\377\000f\000l\000u\000s\000h}{subsection.6.27.2}
\BOOKMARK [3][-]{subsubsection.6.27.2.3}{\376\377\000i\000s\000R\000e\000s\000u\000l\000t\000I\000n\000F\000i\000l\000e}{subsection.6.27.2}
\BOOKMARK [3][-]{subsubsection.6.27.2.4}{\376\377\000o\000u\000t\000p\000u\000t}{subsection.6.27.2}
\BOOKMARK [3][-]{subsubsection.6.27.2.5}{\376\377\000o\000u\000t\000p\000u\000t}{subsection.6.27.2}
\BOOKMARK [3][-]{subsubsection.6.27.2.6}{\376\377\000t\000e\000s\000t\000T\000r\000a\000i\000t}{subsection.6.27.2}
\BOOKMARK [1][-]{section.6.28}{\376\377\000P\000a\000r\000a\000m\000e\000t\000r\000i\000z\000a\000t\000i\000o\000n\000s\000B\000u\000i\000l\000d\000e\000r\000\040\000C\000l\000a\000s\000s\000\040\000R\000e\000f\000e\000r\000e\000n\000c\000e}{chapter.6}
\BOOKMARK [2][-]{subsection.6.28.1}{\376\377\000M\000e\000m\000b\000e\000r\000\040\000F\000u\000n\000c\000t\000i\000o\000n\000\040\000D\000o\000c\000u\000m\000e\000n\000t\000a\000t\000i\000o\000n}{section.6.28}
\BOOKMARK [3][-]{subsubsection.6.28.1.1}{\376\377\000b\000u\000i\000l\000d\000P\000a\000r\000a\000m\000e\000t\000r\000i\000z\000a\000t\000i\000o\000n\000s}{subsection.6.28.1}
\BOOKMARK [1][-]{section.6.29}{\376\377\000P\000a\000r\000a\000m\000e\000t\000r\000i\000z\000a\000t\000i\000o\000n\000s\000H\000o\000l\000d\000e\000r\000\040\000C\000l\000a\000s\000s\000\040\000R\000e\000f\000e\000r\000e\000n\000c\000e}{chapter.6}
\BOOKMARK [2][-]{subsection.6.29.1}{\376\377\000D\000e\000t\000a\000i\000l\000e\000d\000\040\000D\000e\000s\000c\000r\000i\000p\000t\000i\000o\000n}{section.6.29}
\BOOKMARK [2][-]{subsection.6.29.2}{\376\377\000M\000e\000m\000b\000e\000r\000\040\000F\000u\000n\000c\000t\000i\000o\000n\000\040\000D\000o\000c\000u\000m\000e\000n\000t\000a\000t\000i\000o\000n}{section.6.29}
\BOOKMARK [3][-]{subsubsection.6.29.2.1}{\376\377\000c\000r\000e\000a\000t\000e\000C\000o\000l\000o\000r\000S\000t\000r\000i\000n\000g}{subsection.6.29.2}
\BOOKMARK [3][-]{subsubsection.6.29.2.2}{\376\377\000g\000e\000t\000A\000l\000l\000C\000o\000l\000o\000r\000s\000N\000u\000m}{subsection.6.29.2}
\BOOKMARK [3][-]{subsubsection.6.29.2.3}{\376\377\000g\000e\000t\000C\000o\000l\000o\000r}{subsection.6.29.2}
\BOOKMARK [3][-]{subsubsection.6.29.2.4}{\376\377\000g\000e\000t\000C\000o\000l\000o\000r\000s\000N\000u\000m}{subsection.6.29.2}
\BOOKMARK [3][-]{subsubsection.6.29.2.5}{\376\377\000g\000e\000t\000S\000p\000a\000c\000e\000S\000i\000z\000e}{subsection.6.29.2}
\BOOKMARK [3][-]{subsubsection.6.29.2.6}{\376\377\000g\000e\000t\000S\000p\000e\000c\000i\000e\000N\000u\000m}{subsection.6.29.2}
\BOOKMARK [3][-]{subsubsection.6.29.2.7}{\376\377\000g\000e\000t\000S\000p\000e\000c\000i\000e\000V\000a\000l\000s}{subsection.6.29.2}
\BOOKMARK [3][-]{subsubsection.6.29.2.8}{\376\377\000g\000e\000t\000T\000a\000r\000g\000e\000t\000V\000a\000l\000s}{subsection.6.29.2}
\BOOKMARK [1][-]{section.6.30}{\376\377\000P\000a\000r\000a\000m\000e\000t\000r\000i\000z\000e\000d\000S\000t\000r\000u\000c\000t\000u\000r\000e\000\040\000C\000l\000a\000s\000s\000\040\000R\000e\000f\000e\000r\000e\000n\000c\000e}{chapter.6}
\BOOKMARK [2][-]{subsection.6.30.1}{\376\377\000D\000e\000t\000a\000i\000l\000e\000d\000\040\000D\000e\000s\000c\000r\000i\000p\000t\000i\000o\000n}{section.6.30}
\BOOKMARK [2][-]{subsection.6.30.2}{\376\377\000M\000e\000m\000b\000e\000r\000\040\000F\000u\000n\000c\000t\000i\000o\000n\000\040\000D\000o\000c\000u\000m\000e\000n\000t\000a\000t\000i\000o\000n}{section.6.30}
\BOOKMARK [3][-]{subsubsection.6.30.2.1}{\376\377\000g\000e\000t\000S\000t\000a\000t\000e\000L\000e\000v\000e\000l\000s}{subsection.6.30.2}
\BOOKMARK [3][-]{subsubsection.6.30.2.2}{\376\377\000g\000e\000t\000S\000t\000e\000p\000S\000i\000z\000e}{subsection.6.30.2}
\BOOKMARK [3][-]{subsubsection.6.30.2.3}{\376\377\000g\000e\000t\000T\000r\000a\000n\000s\000i\000t\000i\000v\000e}{subsection.6.30.2}
\BOOKMARK [1][-]{section.6.31}{\376\377\000P\000a\000r\000a\000m\000e\000t\000r\000i\000z\000e\000d\000S\000t\000r\000u\000c\000t\000u\000r\000e\000B\000u\000i\000l\000d\000e\000r\000\040\000C\000l\000a\000s\000s\000\040\000R\000e\000f\000e\000r\000e\000n\000c\000e}{chapter.6}
\BOOKMARK [2][-]{subsection.6.31.1}{\376\377\000D\000e\000t\000a\000i\000l\000e\000d\000\040\000D\000e\000s\000c\000r\000i\000p\000t\000i\000o\000n}{section.6.31}
\BOOKMARK [2][-]{subsection.6.31.2}{\376\377\000C\000o\000n\000s\000t\000r\000u\000c\000t\000o\000r\000\040\000\046\000\040\000D\000e\000s\000t\000r\000u\000c\000t\000o\000r\000\040\000D\000o\000c\000u\000m\000e\000n\000t\000a\000t\000i\000o\000n}{section.6.31}
\BOOKMARK [3][-]{subsubsection.6.31.2.1}{\376\377\000P\000a\000r\000a\000m\000e\000t\000r\000i\000z\000e\000d\000S\000t\000r\000u\000c\000t\000u\000r\000e\000B\000u\000i\000l\000d\000e\000r}{subsection.6.31.2}
\BOOKMARK [2][-]{subsection.6.31.3}{\376\377\000M\000e\000m\000b\000e\000r\000\040\000F\000u\000n\000c\000t\000i\000o\000n\000\040\000D\000o\000c\000u\000m\000e\000n\000t\000a\000t\000i\000o\000n}{section.6.31}
\BOOKMARK [3][-]{subsubsection.6.31.3.1}{\376\377\000b\000u\000i\000l\000d\000S\000t\000r\000u\000c\000t\000u\000r\000e}{subsection.6.31.3}
\BOOKMARK [1][-]{section.6.32}{\376\377\000P\000a\000r\000a\000m\000s\000e\000t\000H\000e\000l\000p\000e\000r\000\040\000C\000l\000a\000s\000s\000\040\000R\000e\000f\000e\000r\000e\000n\000c\000e}{chapter.6}
\BOOKMARK [2][-]{subsection.6.32.1}{\376\377\000D\000e\000t\000a\000i\000l\000e\000d\000\040\000D\000e\000s\000c\000r\000i\000p\000t\000i\000o\000n}{section.6.32}
\BOOKMARK [2][-]{subsection.6.32.2}{\376\377\000M\000e\000m\000b\000e\000r\000\040\000F\000u\000n\000c\000t\000i\000o\000n\000\040\000D\000o\000c\000u\000m\000e\000n\000t\000a\000t\000i\000o\000n}{section.6.32}
\BOOKMARK [3][-]{subsubsection.6.32.2.1}{\376\377\000f\000l\000i\000p}{subsection.6.32.2}
\BOOKMARK [3][-]{subsubsection.6.32.2.2}{\376\377\000g\000e\000t\000A\000l\000l}{subsection.6.32.2}
\BOOKMARK [3][-]{subsubsection.6.32.2.3}{\376\377\000g\000e\000t\000B\000i\000t\000N\000u\000m}{subsection.6.32.2}
\BOOKMARK [3][-]{subsubsection.6.32.2.4}{\376\377\000g\000e\000t\000L\000e\000f\000t\000O\000n\000e}{subsection.6.32.2}
\BOOKMARK [3][-]{subsubsection.6.32.2.5}{\376\377\000g\000e\000t\000M\000a\000s\000k\000F\000r\000o\000m\000N\000u\000m\000s}{subsection.6.32.2}
\BOOKMARK [3][-]{subsubsection.6.32.2.6}{\376\377\000g\000e\000t\000P\000a\000r\000a\000m\000s\000e\000t\000S\000i\000z\000e}{subsection.6.32.2}
\BOOKMARK [3][-]{subsubsection.6.32.2.7}{\376\377\000g\000e\000t\000S\000i\000n\000g\000l\000e\000M\000a\000s\000k\000s}{subsection.6.32.2}
\BOOKMARK [3][-]{subsubsection.6.32.2.8}{\376\377\000n\000o\000n\000e}{subsection.6.32.2}
\BOOKMARK [3][-]{subsubsection.6.32.2.9}{\376\377\000s\000w\000a\000p}{subsection.6.32.2}
\BOOKMARK [3][-]{subsubsection.6.32.2.10}{\376\377\000s\000w\000a\000p}{subsection.6.32.2}
\BOOKMARK [1][-]{section.6.33}{\376\377\000P\000a\000r\000s\000i\000n\000g\000M\000a\000n\000a\000g\000e\000r\000\040\000C\000l\000a\000s\000s\000\040\000R\000e\000f\000e\000r\000e\000n\000c\000e}{chapter.6}
\BOOKMARK [2][-]{subsection.6.33.1}{\376\377\000C\000o\000n\000s\000t\000r\000u\000c\000t\000o\000r\000\040\000\046\000\040\000D\000e\000s\000t\000r\000u\000c\000t\000o\000r\000\040\000D\000o\000c\000u\000m\000e\000n\000t\000a\000t\000i\000o\000n}{section.6.33}
\BOOKMARK [3][-]{subsubsection.6.33.1.1}{\376\377\000P\000a\000r\000s\000i\000n\000g\000M\000a\000n\000a\000g\000e\000r}{subsection.6.33.1}
\BOOKMARK [2][-]{subsection.6.33.2}{\376\377\000M\000e\000m\000b\000e\000r\000\040\000F\000u\000n\000c\000t\000i\000o\000n\000\040\000D\000o\000c\000u\000m\000e\000n\000t\000a\000t\000i\000o\000n}{section.6.33}
\BOOKMARK [3][-]{subsubsection.6.33.2.1}{\376\377\000p\000a\000r\000s\000e}{subsection.6.33.2}
\BOOKMARK [1][-]{section.6.34}{\376\377\000P\000a\000r\000S\000t\000a\000t\000e\000\040\000S\000t\000r\000u\000c\000t\000\040\000R\000e\000f\000e\000r\000e\000n\000c\000e}{chapter.6}
\BOOKMARK [1][-]{section.6.35}{\376\377\000P\000a\000r\000T\000r\000a\000n\000s\000i\000t\000i\000o\000n\000i\000o\000n\000\040\000S\000t\000r\000u\000c\000t\000\040\000R\000e\000f\000e\000r\000e\000n\000c\000e}{chapter.6}
\BOOKMARK [1][-]{section.6.36}{\376\377\000P\000r\000o\000d\000S\000t\000a\000t\000e\000\040\000S\000t\000r\000u\000c\000t\000\040\000R\000e\000f\000e\000r\000e\000n\000c\000e}{chapter.6}
\BOOKMARK [1][-]{section.6.37}{\376\377\000P\000r\000o\000d\000T\000r\000a\000n\000s\000i\000t\000i\000o\000n\000t\000i\000o\000n\000\040\000S\000t\000r\000u\000c\000t\000\040\000R\000e\000f\000e\000r\000e\000n\000c\000e}{chapter.6}
\BOOKMARK [1][-]{section.6.38}{\376\377\000P\000r\000o\000d\000u\000c\000t\000B\000u\000i\000l\000d\000e\000r\000\040\000C\000l\000a\000s\000s\000\040\000R\000e\000f\000e\000r\000e\000n\000c\000e}{chapter.6}
\BOOKMARK [2][-]{subsection.6.38.1}{\376\377\000D\000e\000t\000a\000i\000l\000e\000d\000\040\000D\000e\000s\000c\000r\000i\000p\000t\000i\000o\000n}{section.6.38}
\BOOKMARK [2][-]{subsection.6.38.2}{\376\377\000C\000o\000n\000s\000t\000r\000u\000c\000t\000o\000r\000\040\000\046\000\040\000D\000e\000s\000t\000r\000u\000c\000t\000o\000r\000\040\000D\000o\000c\000u\000m\000e\000n\000t\000a\000t\000i\000o\000n}{section.6.38}
\BOOKMARK [3][-]{subsubsection.6.38.2.1}{\376\377\000P\000r\000o\000d\000u\000c\000t\000B\000u\000i\000l\000d\000e\000r}{subsection.6.38.2}
\BOOKMARK [2][-]{subsection.6.38.3}{\376\377\000M\000e\000m\000b\000e\000r\000\040\000F\000u\000n\000c\000t\000i\000o\000n\000\040\000D\000o\000c\000u\000m\000e\000n\000t\000a\000t\000i\000o\000n}{section.6.38}
\BOOKMARK [3][-]{subsubsection.6.38.3.1}{\376\377\000b\000u\000i\000l\000d\000P\000r\000o\000d\000u\000c\000t}{subsection.6.38.3}
\BOOKMARK [1][-]{section.6.39}{\376\377\000P\000r\000o\000d\000u\000c\000t\000S\000t\000r\000u\000c\000t\000u\000r\000e\000\040\000C\000l\000a\000s\000s\000\040\000R\000e\000f\000e\000r\000e\000n\000c\000e}{chapter.6}
\BOOKMARK [2][-]{subsection.6.39.1}{\376\377\000D\000e\000t\000a\000i\000l\000e\000d\000\040\000D\000e\000s\000c\000r\000i\000p\000t\000i\000o\000n}{section.6.39}
\BOOKMARK [2][-]{subsection.6.39.2}{\376\377\000M\000e\000m\000b\000e\000r\000\040\000F\000u\000n\000c\000t\000i\000o\000n\000\040\000D\000o\000c\000u\000m\000e\000n\000t\000a\000t\000i\000o\000n}{section.6.39}
\BOOKMARK [3][-]{subsubsection.6.39.2.1}{\376\377\000g\000e\000t\000B\000A\000I\000D}{subsection.6.39.2}
\BOOKMARK [3][-]{subsubsection.6.39.2.2}{\376\377\000g\000e\000t\000K\000S\000I\000D}{subsection.6.39.2}
\BOOKMARK [3][-]{subsubsection.6.39.2.3}{\376\377\000g\000e\000t\000P\000r\000o\000d\000u\000c\000t\000I\000D}{subsection.6.39.2}
\BOOKMARK [3][-]{subsubsection.6.39.2.4}{\376\377\000g\000e\000t\000S\000t\000a\000t\000e\000L\000e\000v\000e\000l\000s}{subsection.6.39.2}
\BOOKMARK [3][-]{subsubsection.6.39.2.5}{\376\377\000g\000e\000t\000S\000t\000e\000p\000S\000i\000z\000e}{subsection.6.39.2}
\BOOKMARK [3][-]{subsubsection.6.39.2.6}{\376\377\000g\000e\000t\000T\000r\000a\000n\000s\000i\000t\000i\000v\000e}{subsection.6.39.2}
\BOOKMARK [1][-]{section.6.40}{\376\377\000M\000o\000d\000e\000l\000:\000:\000R\000e\000g\000u\000l\000a\000t\000i\000o\000n\000\040\000S\000t\000r\000u\000c\000t\000\040\000R\000e\000f\000e\000r\000e\000n\000c\000e}{chapter.6}
\BOOKMARK [1][-]{section.6.41}{\376\377\000R\000o\000b\000u\000s\000t\000n\000e\000s\000s\000C\000o\000m\000p\000u\000t\000e\000\040\000C\000l\000a\000s\000s\000\040\000R\000e\000f\000e\000r\000e\000n\000c\000e}{chapter.6}
\BOOKMARK [2][-]{subsection.6.41.1}{\376\377\000C\000o\000n\000s\000t\000r\000u\000c\000t\000o\000r\000\040\000\046\000\040\000D\000e\000s\000t\000r\000u\000c\000t\000o\000r\000\040\000D\000o\000c\000u\000m\000e\000n\000t\000a\000t\000i\000o\000n}{section.6.41}
\BOOKMARK [3][-]{subsubsection.6.41.1.1}{\376\377\000R\000o\000b\000u\000s\000t\000n\000e\000s\000s\000C\000o\000m\000p\000u\000t\000e}{subsection.6.41.1}
\BOOKMARK [2][-]{subsection.6.41.2}{\376\377\000M\000e\000m\000b\000e\000r\000\040\000F\000u\000n\000c\000t\000i\000o\000n\000\040\000D\000o\000c\000u\000m\000e\000n\000t\000a\000t\000i\000o\000n}{section.6.41}
\BOOKMARK [3][-]{subsubsection.6.41.2.1}{\376\377\000c\000o\000m\000p\000u\000t\000e}{subsection.6.41.2}
\BOOKMARK [3][-]{subsubsection.6.41.2.2}{\376\377\000g\000e\000t\000O\000u\000t\000p\000u\000t}{subsection.6.41.2}
\BOOKMARK [1][-]{section.6.42}{\376\377\000S\000p\000l\000i\000t\000M\000a\000n\000a\000g\000e\000r\000\040\000C\000l\000a\000s\000s\000\040\000R\000e\000f\000e\000r\000e\000n\000c\000e}{chapter.6}
\BOOKMARK [2][-]{subsection.6.42.1}{\376\377\000D\000e\000t\000a\000i\000l\000e\000d\000\040\000D\000e\000s\000c\000r\000i\000p\000t\000i\000o\000n}{section.6.42}
\BOOKMARK [2][-]{subsection.6.42.2}{\376\377\000C\000o\000n\000s\000t\000r\000u\000c\000t\000o\000r\000\040\000\046\000\040\000D\000e\000s\000t\000r\000u\000c\000t\000o\000r\000\040\000D\000o\000c\000u\000m\000e\000n\000t\000a\000t\000i\000o\000n}{section.6.42}
\BOOKMARK [3][-]{subsubsection.6.42.2.1}{\376\377\000S\000p\000l\000i\000t\000M\000a\000n\000a\000g\000e\000r}{subsection.6.42.2}
\BOOKMARK [2][-]{subsection.6.42.3}{\376\377\000M\000e\000m\000b\000e\000r\000\040\000F\000u\000n\000c\000t\000i\000o\000n\000\040\000D\000o\000c\000u\000m\000e\000n\000t\000a\000t\000i\000o\000n}{section.6.42}
\BOOKMARK [3][-]{subsubsection.6.42.3.1}{\376\377\000c\000r\000e\000a\000t\000e\000S\000t\000a\000r\000t\000i\000n\000g\000P\000a\000r\000a\000m\000e\000t\000e\000r\000s}{subsection.6.42.3}
\BOOKMARK [3][-]{subsubsection.6.42.3.2}{\376\377\000g\000e\000t\000A\000l\000l\000C\000o\000l\000o\000r\000s\000C\000o\000u\000n\000t}{subsection.6.42.3}
\BOOKMARK [3][-]{subsubsection.6.42.3.3}{\376\377\000g\000e\000t\000P\000r\000o\000c\000C\000o\000l\000o\000r\000s\000C\000o\000u\000n\000t}{subsection.6.42.3}
\BOOKMARK [3][-]{subsubsection.6.42.3.4}{\376\377\000g\000e\000t\000R\000o\000u\000n\000d\000C\000o\000u\000n\000t}{subsection.6.42.3}
\BOOKMARK [3][-]{subsubsection.6.42.3.5}{\376\377\000g\000e\000t\000R\000o\000u\000n\000d\000N\000u\000m}{subsection.6.42.3}
\BOOKMARK [3][-]{subsubsection.6.42.3.6}{\376\377\000g\000e\000t\000R\000o\000u\000n\000d\000R\000a\000n\000g\000e}{subsection.6.42.3}
\BOOKMARK [3][-]{subsubsection.6.42.3.7}{\376\377\000g\000e\000t\000R\000o\000u\000n\000d\000S\000i\000z\000e}{subsection.6.42.3}
\BOOKMARK [3][-]{subsubsection.6.42.3.8}{\376\377\000i\000n\000c\000r\000e\000a\000s\000e\000R\000o\000u\000n\000d}{subsection.6.42.3}
\BOOKMARK [3][-]{subsubsection.6.42.3.9}{\376\377\000l\000a\000s\000t\000R\000o\000u\000n\000d}{subsection.6.42.3}
\BOOKMARK [3][-]{subsubsection.6.42.3.10}{\376\377\000s\000e\000t\000S\000t\000a\000r\000t\000P\000o\000s\000i\000t\000i\000o\000n\000s}{subsection.6.42.3}
\BOOKMARK [1][-]{section.6.43}{\376\377\000S\000t\000a\000t\000e\000P\000r\000o\000p\000e\000r\000t\000y\000<\000\040\000T\000r\000a\000n\000s\000i\000t\000i\000o\000n\000\040\000>\000\040\000S\000t\000r\000u\000c\000t\000\040\000T\000e\000m\000p\000l\000a\000t\000e\000\040\000R\000e\000f\000e\000r\000e\000n\000c\000e}{chapter.6}
\BOOKMARK [2][-]{subsection.6.43.1}{\376\377\000C\000o\000n\000s\000t\000r\000u\000c\000t\000o\000r\000\040\000\046\000\040\000D\000e\000s\000t\000r\000u\000c\000t\000o\000r\000\040\000D\000o\000c\000u\000m\000e\000n\000t\000a\000t\000i\000o\000n}{section.6.43}
\BOOKMARK [3][-]{subsubsection.6.43.1.1}{\376\377\000S\000t\000a\000t\000e\000P\000r\000o\000p\000e\000r\000t\000y}{subsection.6.43.1}
\BOOKMARK [1][-]{section.6.44}{\376\377\000S\000y\000n\000t\000h\000e\000s\000i\000s\000M\000a\000n\000a\000g\000e\000r\000\040\000C\000l\000a\000s\000s\000\040\000R\000e\000f\000e\000r\000e\000n\000c\000e}{chapter.6}
\BOOKMARK [2][-]{subsection.6.44.1}{\376\377\000D\000e\000t\000a\000i\000l\000e\000d\000\040\000D\000e\000s\000c\000r\000i\000p\000t\000i\000o\000n}{section.6.44}
\BOOKMARK [2][-]{subsection.6.44.2}{\376\377\000C\000o\000n\000s\000t\000r\000u\000c\000t\000o\000r\000\040\000\046\000\040\000D\000e\000s\000t\000r\000u\000c\000t\000o\000r\000\040\000D\000o\000c\000u\000m\000e\000n\000t\000a\000t\000i\000o\000n}{section.6.44}
\BOOKMARK [3][-]{subsubsection.6.44.2.1}{\376\377\000S\000y\000n\000t\000h\000e\000s\000i\000s\000M\000a\000n\000a\000g\000e\000r}{subsection.6.44.2}
\BOOKMARK [2][-]{subsection.6.44.3}{\376\377\000M\000e\000m\000b\000e\000r\000\040\000F\000u\000n\000c\000t\000i\000o\000n\000\040\000D\000o\000c\000u\000m\000e\000n\000t\000a\000t\000i\000o\000n}{section.6.44}
\BOOKMARK [3][-]{subsubsection.6.44.3.1}{\376\377\000d\000o\000S\000y\000n\000t\000h\000e\000s\000i\000s}{subsection.6.44.3}
\BOOKMARK [1][-]{section.6.45}{\376\377\000T\000i\000m\000e\000M\000a\000n\000a\000g\000e\000r\000\040\000C\000l\000a\000s\000s\000\040\000R\000e\000f\000e\000r\000e\000n\000c\000e}{chapter.6}
\BOOKMARK [2][-]{subsection.6.45.1}{\376\377\000M\000e\000m\000b\000e\000r\000\040\000F\000u\000n\000c\000t\000i\000o\000n\000\040\000D\000o\000c\000u\000m\000e\000n\000t\000a\000t\000i\000o\000n}{section.6.45}
\BOOKMARK [3][-]{subsubsection.6.45.1.1}{\376\377\000o\000u\000p\000u\000t\000C\000l\000o\000c\000k}{subsection.6.45.1}
\BOOKMARK [3][-]{subsubsection.6.45.1.2}{\376\377\000s\000t\000a\000r\000t\000C\000l\000o\000c\000k}{subsection.6.45.1}
\BOOKMARK [1][-]{section.6.46}{\376\377\000T\000i\000m\000e\000S\000e\000r\000i\000e\000s\000P\000a\000r\000s\000e\000r\000\040\000C\000l\000a\000s\000s\000\040\000R\000e\000f\000e\000r\000e\000n\000c\000e}{chapter.6}
\BOOKMARK [2][-]{subsection.6.46.1}{\376\377\000M\000e\000m\000b\000e\000r\000\040\000F\000u\000n\000c\000t\000i\000o\000n\000\040\000D\000o\000c\000u\000m\000e\000n\000t\000a\000t\000i\000o\000n}{section.6.46}
\BOOKMARK [3][-]{subsubsection.6.46.1.1}{\376\377\000p\000a\000r\000s\000e}{subsection.6.46.1}
\BOOKMARK [1][-]{section.6.47}{\376\377\000T\000r\000a\000n\000s\000i\000t\000i\000o\000n\000P\000r\000o\000p\000e\000r\000t\000y\000\040\000S\000t\000r\000u\000c\000t\000\040\000R\000e\000f\000e\000r\000e\000n\000c\000e}{chapter.6}
\BOOKMARK [2][-]{subsection.6.47.1}{\376\377\000C\000o\000n\000s\000t\000r\000u\000c\000t\000o\000r\000\040\000\046\000\040\000D\000e\000s\000t\000r\000u\000c\000t\000o\000r\000\040\000D\000o\000c\000u\000m\000e\000n\000t\000a\000t\000i\000o\000n}{section.6.47}
\BOOKMARK [3][-]{subsubsection.6.47.1.1}{\376\377\000T\000r\000a\000n\000s\000i\000t\000i\000o\000n\000P\000r\000o\000p\000e\000r\000t\000y}{subsection.6.47.1}
\BOOKMARK [1][-]{section.6.48}{\376\377\000U\000s\000e\000r\000O\000p\000t\000i\000o\000n\000s\000\040\000C\000l\000a\000s\000s\000\040\000R\000e\000f\000e\000r\000e\000n\000c\000e}{chapter.6}
\BOOKMARK [2][-]{subsection.6.48.1}{\376\377\000D\000e\000t\000a\000i\000l\000e\000d\000\040\000D\000e\000s\000c\000r\000i\000p\000t\000i\000o\000n}{section.6.48}
\BOOKMARK [2][-]{subsection.6.48.2}{\376\377\000C\000o\000n\000s\000t\000r\000u\000c\000t\000o\000r\000\040\000\046\000\040\000D\000e\000s\000t\000r\000u\000c\000t\000o\000r\000\040\000D\000o\000c\000u\000m\000e\000n\000t\000a\000t\000i\000o\000n}{section.6.48}
\BOOKMARK [3][-]{subsubsection.6.48.2.1}{\376\377\000U\000s\000e\000r\000O\000p\000t\000i\000o\000n\000s}{subsection.6.48.2}
\BOOKMARK [2][-]{subsection.6.48.3}{\376\377\000M\000e\000m\000b\000e\000r\000\040\000F\000u\000n\000c\000t\000i\000o\000n\000\040\000D\000o\000c\000u\000m\000e\000n\000t\000a\000t\000i\000o\000n}{section.6.48}
\BOOKMARK [3][-]{subsubsection.6.48.3.1}{\376\377\000a\000n\000a\000l\000y\000s\000i\000s}{subsection.6.48.3}
\BOOKMARK [3][-]{subsubsection.6.48.3.2}{\376\377\000i\000n\000p\000u\000t\000M\000a\000s\000k}{subsection.6.48.3}
\BOOKMARK [3][-]{subsubsection.6.48.3.3}{\376\377\000l\000o\000n\000g\000W\000i\000t}{subsection.6.48.3}
\BOOKMARK [3][-]{subsubsection.6.48.3.4}{\376\377\000o\000u\000t\000p\000u\000t\000M\000a\000s\000k}{subsection.6.48.3}
\BOOKMARK [3][-]{subsubsection.6.48.3.5}{\376\377\000p\000r\000o\000c\000C\000o\000u\000n\000t}{subsection.6.48.3}
\BOOKMARK [3][-]{subsubsection.6.48.3.6}{\376\377\000p\000r\000o\000c\000N\000u\000m}{subsection.6.48.3}
\BOOKMARK [3][-]{subsubsection.6.48.3.7}{\376\377\000r\000o\000b\000u\000s\000t\000n\000e\000s\000s}{subsection.6.48.3}
\BOOKMARK [3][-]{subsubsection.6.48.3.8}{\376\377\000s\000t\000a\000t\000s}{subsection.6.48.3}
\BOOKMARK [3][-]{subsubsection.6.48.3.9}{\376\377\000t\000i\000m\000e\000S\000e\000r\000i\000e\000s}{subsection.6.48.3}
\BOOKMARK [3][-]{subsubsection.6.48.3.10}{\376\377\000v\000e\000r\000b\000o\000s\000e}{subsection.6.48.3}
\BOOKMARK [3][-]{subsubsection.6.48.3.11}{\376\377\000w\000i\000t\000n\000e\000s\000s\000e\000s}{subsection.6.48.3}
\BOOKMARK [1][-]{section.6.49}{\376\377\000W\000i\000t\000n\000e\000s\000s\000S\000e\000a\000r\000c\000h\000e\000r\000\040\000C\000l\000a\000s\000s\000\040\000R\000e\000f\000e\000r\000e\000n\000c\000e}{chapter.6}
\BOOKMARK [2][-]{subsection.6.49.1}{\376\377\000D\000e\000t\000a\000i\000l\000e\000d\000\040\000D\000e\000s\000c\000r\000i\000p\000t\000i\000o\000n}{section.6.49}
\BOOKMARK [2][-]{subsection.6.49.2}{\376\377\000C\000o\000n\000s\000t\000r\000u\000c\000t\000o\000r\000\040\000\046\000\040\000D\000e\000s\000t\000r\000u\000c\000t\000o\000r\000\040\000D\000o\000c\000u\000m\000e\000n\000t\000a\000t\000i\000o\000n}{section.6.49}
\BOOKMARK [3][-]{subsubsection.6.49.2.1}{\376\377\000W\000i\000t\000n\000e\000s\000s\000S\000e\000a\000r\000c\000h\000e\000r}{subsection.6.49.2}
\BOOKMARK [2][-]{subsection.6.49.3}{\376\377\000M\000e\000m\000b\000e\000r\000\040\000F\000u\000n\000c\000t\000i\000o\000n\000\040\000D\000o\000c\000u\000m\000e\000n\000t\000a\000t\000i\000o\000n}{section.6.49}
\BOOKMARK [3][-]{subsubsection.6.49.3.1}{\376\377\000f\000i\000n\000d\000W\000i\000t\000n\000e\000s\000s\000e\000s}{subsection.6.49.3}
\BOOKMARK [3][-]{subsubsection.6.49.3.2}{\376\377\000g\000e\000t\000I\000n\000i\000t\000i\000a\000l\000s}{subsection.6.49.3}
\BOOKMARK [3][-]{subsubsection.6.49.3.3}{\376\377\000g\000e\000t\000O\000u\000t\000p\000u\000t}{subsection.6.49.3}
\BOOKMARK [3][-]{subsubsection.6.49.3.4}{\376\377\000g\000e\000t\000T\000r\000a\000n\000s\000i\000t\000i\000o\000n\000s}{subsection.6.49.3}
